WARNING: You are running different service versions locally than your linked project:
supabase/gotrue:v2.178.0 => v2.180.0
Run supabase link to update them.
Starting database...
Initialising schema...
Seeding globals from roles.sql...
Applying migration 001_create_enums.sql...
Applying migration 002_create_countries_and_currencies.sql...
Applying migration 003_create_core_tables.sql...
NOTICE (42710): extension "uuid-ossp" already exists, skipping
NOTICE (42710): extension "pgcrypto" already exists, skipping
Applying migration 004_create_loan_tables.sql...
Applying migration 005_create_marketplace_tables.sql...
Applying migration 006_create_support_tables.sql...
Applying migration 007_create_views_and_functions.sql...
Applying migration 008_create_loan_functions.sql...
Applying migration 009_create_risk_engine.sql...
Applying migration 010_create_rls_policies.sql...
Applying migration 011_single_loan_and_security.sql...
NOTICE (42P07): relation "uniq_active_loan_per_borrower" already exists, skipping
NOTICE (42P07): relation "uniq_accepted_offer_per_request" already exists, skipping
NOTICE (42P07): relation "search_logs" already exists, skipping
NOTICE (42P07): relation "idx_search_logs_lender" already exists, skipping
NOTICE (42P07): relation "borrower_identity_index" already exists, skipping
NOTICE (42P07): relation "document_hashes" already exists, skipping
NOTICE (42P07): relation "idx_doc_hashes_borrower" already exists, skipping
NOTICE (42P07): relation "subscriptions" already exists, skipping
NOTICE (42P07): relation "fraud_signals" already exists, skipping
NOTICE (42P07): relation "job_runs" already exists, skipping
Applying migration 012_accept_offer_function.sql...
NOTICE (00000): function public.register_borrower(text,text,text,date) does not exist, skipping
Applying migration 013_link_borrower_user.sql...
NOTICE (00000): function public.list_borrower_as_risky(uuid,risk_type,text,pg_catalog.int8) does not exist, skipping
NOTICE (00000): function public.list_borrower_as_risky(uuid,risk_type,text) does not exist, skipping
WARN: no files matched pattern: supabase/seed.sql
Starting containers...
Stopping containers...
failed to start docker container: Error response from daemon: ports are not available: exposing port TCP 0.0.0.0:55001 -> 127.0.0.1:0: listen tcp 0.0.0.0:55001: bind: An attempt was made to access a socket in a way forbidden by its access permissions.
Try rerunning the command with --debug to troubleshoot the error.
